#
# A fatal error has been detected by the Java Runtime Environment:
#
#  EXCEPTION_ACCESS_VIOLATION (0xc0000005) at pc=0x00007fff438eed95, pid=5284, tid=2996
#
# JRE version: Java(TM) SE Runtime Environment (9.0+11) (build 9.0.4+11)
# Java VM: Java HotSpot(TM) 64-Bit Server VM (9.0.4+11, mixed mode, tiered, compressed oops, g1 gc, windows-amd64)
# Problematic frame:
# C  [librdi_common.dll+0x17ed95]
#
# No core dump will be written. Minidumps are not enabled by default on client versions of Windows
#
# If you would like to submit a bug report, please visit:
#   http://bugreport.java.com/bugreport/crash.jsp
# The crash happened outside the Java Virtual Machine in native code.
# See problematic frame for where to report the bug.
#

---------------  S U M M A R Y ------------

Command Line: -Dsun.java2d.pmoffscreen=false -Dsun.java2d.xrender=false -Dsun.java2d.d3d=false -Dsun.awt.nopixfmt=true -Dsun.java2d.dpiaware=true -Dsun.java2d.uiScale.enabled=false -Xverify:none -Dswing.aatext=true -XX:-UsePerfData -Djdk.map.althashing.threshold=512 -XX:StringTableSize=4072 --add-opens=java.base/java.nio=ALL-UNNAMED --add-opens=java.desktop/sun.swing=ALL-UNNAMED --add-opens=java.desktop/javax.swing=ALL-UNNAMED --add-opens=java.desktop/javax.swing.tree=ALL-UNNAMED --add-opens=java.desktop/javax.swing.plaf.basic=ALL-UNNAMED --add-opens=java.desktop/javax.swing.plaf.synth=ALL-UNNAMED --add-opens=java.desktop/com.sun.awt=ALL-UNNAMED -XX:NewSize=60m -XX:MaxNewSize=60m -Xms128m -Xmx3072m -Xss5m 

Host: Intel(R) Core(TM) i3-4150 CPU @ 3.50GHz, 4 cores, 6G,  Windows 10 , 64 bit Build 18362 (10.0.18362.53)
Time: Wed Mar 25 00:33:29 2020 India Standard Time elapsed time: 3841 seconds (0d 1h 4m 1s)

---------------  T H R E A D  ---------------

Current thread (0x000001f9cd1be000):  JavaThread "AWT-EventQueue-0" [_thread_in_native, id=2996, stack(0x000000ad2e100000,0x000000ad2e600000)]

Stack: [0x000000ad2e100000,0x000000ad2e600000],  sp=0x000000ad2e5fb010,  free space=5100k
Native frames: (J=compiled Java code, j=interpreted, Vv=VM code, C=native code)
C  [librdi_common.dll+0x17ed95]
C  [librdi_common.dll+0x173b75]
C  [librdi_common.dll+0x13cd4a]
C  0x00007ffee64021df
C  0x00007ffee64821ef
C  0x00007ffee6489f09
C  0x00007ffee645a6cb
C  0x00007ffee6496e97
C  0x000001f9bf630fba

Java frames: (J=compiled Java code, j=interpreted, Vv=VM code)
J 17894  ui.views.waveform.waveformi.WVExecutive_getTooltipTextDelayed(J)Ljava/lang/String; (0 bytes) @ 0x000001f9bf630f21 [0x000001f9bf630ee0+0x0000000000000041]
J 17933 c1 ui.views.waveform.b.a.bJ(Ljava/awt/event/MouseEvent;)V (135 bytes) @ 0x000001f9b87ff124 [0x000001f9b87fea80+0x00000000000006a4]
J 22655 c1 ui.views.waveform.b.a.mouseMoved(Ljava/awt/event/MouseEvent;)V (32 bytes) @ 0x000001f9ba877d4c [0x000001f9ba877820+0x000000000000052c]
J 14264 c2 java.awt.AWTEventMulticaster.mouseMoved(Ljava/awt/event/MouseEvent;)V java.desktop@9.0.4 (27 bytes) @ 0x000001f9bfa11674 [0x000001f9bfa115c0+0x00000000000000b4]
J 14264 c2 java.awt.AWTEventMulticaster.mouseMoved(Ljava/awt/event/MouseEvent;)V java.desktop@9.0.4 (27 bytes) @ 0x000001f9bfa11634 [0x000001f9bfa115c0+0x0000000000000074]
J 21876 c2 ui.frmwork.c.i.processMouseMotionEvent(Ljava/awt/event/MouseEvent;)V (131 bytes) @ 0x000001f9bf956c34 [0x000001f9bf956880+0x00000000000003b4]
J 22891 c2 java.awt.Container.processEvent(Ljava/awt/AWTEvent;)V java.desktop@9.0.4 (22 bytes) @ 0x000001f9bf305af0 [0x000001f9bf305940+0x00000000000001b0]
J 22940 c1 java.awt.Component.dispatchEventImpl(Ljava/awt/AWTEvent;)V java.desktop@9.0.4 (739 bytes) @ 0x000001f9b89ab58c [0x000001f9b89a7920+0x0000000000003c6c]
J 21883 c2 java.awt.Container.dispatchEventImpl(Ljava/awt/AWTEvent;)V java.desktop@9.0.4 (129 bytes) @ 0x000001f9bf3528e8 [0x000001f9bf351d80+0x0000000000000b68]
J 17443 c2 java.awt.LightweightDispatcher.retargetMouseEvent(Ljava/awt/Component;ILjava/awt/event/MouseEvent;)V java.desktop@9.0.4 (350 bytes) @ 0x000001f9bfe849c8 [0x000001f9bfe844a0+0x0000000000000528]
J 21883 c2 java.awt.Container.dispatchEventImpl(Ljava/awt/AWTEvent;)V java.desktop@9.0.4 (129 bytes) @ 0x000001f9bf3525e4 [0x000001f9bf351d80+0x0000000000000864]
J 18411 c2 java.awt.Window.dispatchEventImpl(Ljava/awt/AWTEvent;)V java.desktop@9.0.4 (23 bytes) @ 0x000001f9bff6fa0c [0x000001f9bff6f9c0+0x000000000000004c]
J 12072 c2 java.awt.EventQueue$3.run()Ljava/lang/Object; java.desktop@9.0.4 (5 bytes) @ 0x000001f9bf787d54 [0x000001f9bf787ba0+0x00000000000001b4]
v  ~StubRoutines::call_stub
J 4408  java.security.AccessController.doPrivileged(Ljava/security/PrivilegedAction;Ljava/security/AccessControlContext;)Ljava/lang/Object; java.base@9.0.4 (0 bytes) @ 0x000001f9bf1b4c46 [0x000001f9bf1b4be0+0x0000000000000066]
J 14447 c2 java.awt.EventQueue$4.run()Ljava/lang/Object; java.desktop@9.0.4 (5 bytes) @ 0x000001f9bf5b0e34 [0x000001f9bf5b0be0+0x0000000000000254]
v  ~StubRoutines::call_stub
J 4408  java.security.AccessController.doPrivileged(Ljava/security/PrivilegedAction;Ljava/security/AccessControlContext;)Ljava/lang/Object; java.base@9.0.4 (0 bytes) @ 0x000001f9bf1b4c46 [0x000001f9bf1b4be0+0x0000000000000066]
J 12061 c2 java.awt.EventQueue.dispatchEvent(Ljava/awt/AWTEvent;)V java.desktop@9.0.4 (80 bytes) @ 0x000001f9bf77edc8 [0x000001f9bf77e820+0x00000000000005a8]
J 14372 c2 ui.frmwork.b.d.dispatchEvent(Ljava/awt/AWTEvent;)V (34 bytes) @ 0x000001f9bf51fe40 [0x000001f9bf51fd60+0x00000000000000e0]
J 19252 c2 java.awt.EventDispatchThread.pumpOneEventForFilters(I)V java.desktop@9.0.4 (218 bytes) @ 0x000001f9bf7782c8 [0x000001f9bf777fa0+0x0000000000000328]
J 15320% c2 java.awt.EventDispatchThread.pumpEventsForFilter(ILjava/awt/Conditional;Ljava/awt/EventFilter;)V java.desktop@9.0.4 (47 bytes) @ 0x000001f9bfbfd7c0 [0x000001f9bfbfd6c0+0x0000000000000100]
j  java.awt.EventDispatchThread.pumpEventsForHierarchy(ILjava/awt/Conditional;Ljava/awt/Component;)V+11 java.desktop@9.0.4
j  java.awt.EventDispatchThread.pumpEvents(ILjava/awt/Conditional;)V+4 java.desktop@9.0.4
j  java.awt.EventDispatchThread.pumpEvents(Ljava/awt/Conditional;)V+3 java.desktop@9.0.4
j  java.awt.EventDispatchThread.run()V+9 java.desktop@9.0.4
v  ~StubRoutines::call_stub

siginfo: EXCEPTION_ACCESS_VIOLATION (0xc0000005), reading address 0xffffffffffffffff


Register to memory mapping:

RIP=0x00007fff438eed95 librdi_common.dll
RAX=0x000001f9a2b09501 is an unknown value
RBX=0x900508f9cb0eb288 is an unknown value
RCX=0x000001f9a2b09500 is an unknown value
RDX=0x900508f9cb0eb288 is an unknown value
RSP=0x000000ad2e5fb010 is pointing into the stack for thread: 0x000001f9cd1be000
RBP=0x000000ad2e5fb140 is pointing into the stack for thread: 0x000001f9cd1be000
RSI=0x000001f9d0f55db0 is an unknown value
RDI=0x000000ad2e5fb228 is pointing into the stack for thread: 0x000001f9cd1be000
R8 =0x000000ad2e5fb228 is pointing into the stack for thread: 0x000001f9cd1be000
R9 =0x0000000000000000 is an unknown value
R10=0x000001f9d7a4bbc8 is an unknown value
R11=0x000001f9d8a6b208 is an unknown value
R12=0x000000ad2e5fb228 is pointing into the stack for thread: 0x000001f9cd1be000
R13=0x0000000000000000 is an unknown value
R14=0x000001f9a1081970 is an unknown value
R15=0x900508f9cb0eb288 is an unknown value


Registers:
RAX=0x000001f9a2b09501, RBX=0x900508f9cb0eb288, RCX=0x000001f9a2b09500, RDX=0x900508f9cb0eb288
RSP=0x000000ad2e5fb010, RBP=0x000000ad2e5fb140, RSI=0x000001f9d0f55db0, RDI=0x000000ad2e5fb228
R8 =0x000000ad2e5fb228, R9 =0x0000000000000000, R10=0x000001f9d7a4bbc8, R11=0x000001f9d8a6b208
R12=0x000000ad2e5fb228, R13=0x0000000000000000, R14=0x000001f9a1081970, R15=0x900508f9cb0eb288
RIP=0x00007fff438eed95, EFLAGS=0x0000000000010202

Top of Stack: (sp=0x000000ad2e5fb010)
0x000000ad2e5fb010:   000000ad2e5fb3c0 00007fff2bf52677
0x000000ad2e5fb020:   000000ad00000000 900508f9cb0eb288
0x000000ad2e5fb030:   900508f9cb0eb288 00007fff438e3b75
0x000000ad2e5fb040:   000000ad2e5fb270 00007fff2bf5290f
0x000000ad2e5fb050:   000028e7499f267c 000001f9ccdacfe0
0x000000ad2e5fb060:   000001f9ccdacfe0 000001f9d8a6b1e0
0x000000ad2e5fb070:   0000000000000002 00007fff4394c825
0x000000ad2e5fb080:   000001f9a78422e0 000001f9d8a6b1e8
0x000000ad2e5fb090:   000001f9d8a6b228 000001f9d8a6b1e0
0x000000ad2e5fb0a0:   fffffffffffffffe 00007fff43f08aad
0x000000ad2e5fb0b0:   fffffffffffffffe 00007fff445fdbc0
0x000000ad2e5fb0c0:   000001f9d8a6b1e0 000001f9a110b4b8
0x000000ad2e5fb0d0:   000000ad2e5fb228 00007fff4394bb16
0x000000ad2e5fb0e0:   000001f9d8a6b1e0 000000ad2e5fb228
0x000000ad2e5fb0f0:   000001f900000002 0000000000000000
0x000000ad2e5fb100:   fffffffffffffffe 000000000000000f 

Instructions: (pc=0x00007fff438eed95)
0x00007fff438eed75:   20 48 8b d9 e8 22 c4 04 00 48 8b c8 48 8b d3 e8
0x00007fff438eed85:   27 0d 05 00 84 c0 75 08 33 c0 48 83 c4 20 5b c3
0x00007fff438eed95:   48 8b 4b 50 48 85 c9 74 0a 48 83 c4 20 5b e9 68
0x00007fff438eeda5:   e2 04 00 48 8b d3 48 8d 0d 66 ce 78 00 e8 59 b7 



---------------  P R O C E S S  ---------------

Java Threads: ( => current thread )
  0x000001f9a7efc000 JavaThread "Relaunch Simulation Thread" [_thread_blocked, id=1088, stack(0x000000ad33600000,0x000000ad33b00000)]
  0x000001f9a7ef0800 JavaThread "Swing-Shell" daemon [_thread_blocked, id=2604, stack(0x000000ad31d00000,0x000000ad32200000)]
  0x000001f9a7ef3800 JavaThread "Thread-3685" [_thread_in_native, id=5236, stack(0x000000ad27500000,0x000000ad27600000)]
  0x000001f9a7ef6000 JavaThread "Thread-3684" [_thread_in_native, id=3716, stack(0x000000ad27400000,0x000000ad27500000)]
  0x000001f9a7ef9000 JavaThread "Thread-3110" [_thread_in_native, id=3564, stack(0x000000ad27400000,0x000000ad27500000)]
  0x000001f9a7efc800 JavaThread "ForkJoinPool.commonPool-worker-1" daemon [_thread_blocked, id=8596, stack(0x000000ad33100000,0x000000ad33600000)]
  0x000001f9a7efa800 JavaThread "Image Animator 3" daemon [_thread_blocked, id=2896, stack(0x000000ad32700000,0x000000ad32c00000)]
  0x000001f9a7ef8000 JavaThread "SyntheticaAnimation 50" daemon [_thread_blocked, id=6732, stack(0x000000ad2f000000,0x000000ad2f500000)]
  0x000001f9a7ef3000 JavaThread "SyntheticaAnimation 50" daemon [_thread_blocked, id=7188, stack(0x000000ad2d100000,0x000000ad2d600000)]
  0x000001f9a7ef5000 JavaThread "Update Runs Swing Worker Thread" [_thread_blocked, id=1496, stack(0x000000ad31800000,0x000000ad31d00000)]
  0x000001f9a7ef6800 JavaThread "hw_ila_monitor" [_thread_blocked, id=7776, stack(0x000000ad30e00000,0x000000ad31300000)]
  0x000001f9a7ef2000 JavaThread "Refresh Filesets Swing Worker Thread" [_thread_blocked, id=2940, stack(0x000000ad30900000,0x000000ad30e00000)]
  0x000001f9a7ef4800 JavaThread "SyntheticaAnimation 70" daemon [_thread_blocked, id=1408, stack(0x000000ad2f500000,0x000000ad2fa00000)]
  0x000001f9a7ef7800 JavaThread "SyntheticaAnimation 25" daemon [_thread_blocked, id=6692, stack(0x000000ad30400000,0x000000ad30900000)]
  0x000001f9a7ca7000 JavaThread "SyntheticaAnimation 50" daemon [_thread_blocked, id=9000, stack(0x000000ad2ff00000,0x000000ad30400000)]
  0x000001f9a7ca9000 JavaThread "Monitor HEventQueue Thread" [_thread_blocked, id=8232, stack(0x000000ad2fa00000,0x000000ad2ff00000)]
  0x000001f9a7ca7800 JavaThread "SyntheticaCleanerThread" daemon [_thread_blocked, id=5500, stack(0x000000ad2d700000,0x000000ad2dc00000)]
  0x000001f9a7ca6000 JavaThread "Batik CleanerThread" daemon [_thread_blocked, id=3024, stack(0x000000ad2eb00000,0x000000ad2f000000)]
  0x000001f9ce0a1800 JavaThread "Process Messages Thread" [_thread_blocked, id=2352, stack(0x000000ad2e600000,0x000000ad2eb00000)]
  0x000001f9cc9bc800 JavaThread "Thread-1" [_thread_in_native, id=6340, stack(0x000000ad27800000,0x000000ad28c00000)]
=>0x000001f9cd1be000 JavaThread "AWT-EventQueue-0" [_thread_in_native, id=2996, stack(0x000000ad2e100000,0x000000ad2e600000)]
  0x000001f9cd1bd800 JavaThread "AWT-Shutdown" [_thread_blocked, id=2992, stack(0x000000ad2dc00000,0x000000ad2e100000)]
  0x000001f9a7ee7000 JavaThread "TimerQueue" daemon [_thread_blocked, id=6352, stack(0x000000ad2c700000,0x000000ad2cc00000)]
  0x000001f9a8182800 JavaThread "AWT-Windows" daemon [_thread_in_native, id=6992, stack(0x000000ad2cc00000,0x000000ad2d100000)]
  0x000001f9cc680800 JavaThread "Java2D Disposer" daemon [_thread_blocked, id=2376, stack(0x000000ad2c200000,0x000000ad2c700000)]
  0x000001f9a7da6800 JavaThread "Service Thread" daemon [_thread_blocked, id=2296, stack(0x000000ad2bc00000,0x000000ad2c100000)]
  0x000001f9acadd800 JavaThread "Common-Cleaner" daemon [_thread_blocked, id=1484, stack(0x000000ad2b700000,0x000000ad2bc00000)]
  0x000001f9b08c2000 JavaThread "Sweeper thread" daemon [_thread_blocked, id=6640, stack(0x000000ad2b200000,0x000000ad2b700000)]
  0x000001f9b08c0800 JavaThread "C1 CompilerThread2" daemon [_thread_blocked, id=6644, stack(0x000000ad2b100000,0x000000ad2b200000)]
  0x000001f9b08c0000 JavaThread "C2 CompilerThread1" daemon [_thread_blocked, id=6708, stack(0x000000ad2b000000,0x000000ad2b100000)]
  0x000001f9b08ac800 JavaThread "C2 CompilerThread0" daemon [_thread_blocked, id=1436, stack(0x000000ad2af00000,0x000000ad2b000000)]
  0x000001f9b08ab800 JavaThread "Attach Listener" daemon [_thread_blocked, id=1432, stack(0x000000ad2aa00000,0x000000ad2af00000)]
  0x000001f9b08a8800 JavaThread "Signal Dispatcher" daemon [_thread_blocked, id=1428, stack(0x000000ad2a500000,0x000000ad2aa00000)]
  0x000001f9b08a7800 JavaThread "Finalizer" daemon [_thread_blocked, id=9080, stack(0x000000ad2a000000,0x000000ad2a500000)]
  0x000001f9a7b31000 JavaThread "Reference Handler" daemon [_thread_blocked, id=1116, stack(0x000000ad29b00000,0x000000ad2a000000)]
  0x000001f9a9812800 JavaThread "main" [_thread_blocked, id=472, stack(0x000000ad28e00000,0x000000ad28f00000)]

Other Threads:
  0x000001f9a7b30800 VMThread "VM Thread" [stack: 0x000000ad29a00000,0x000000ad29b00000] [id=6420]
  0x000001f9a7dd9800 WatcherThread [stack: 0x000000ad2c100000,0x000000ad2c200000] [id=2312]
  0x000001f9a9a7c000 GCTaskThread "GC Thread#0" [stack: 0x000000ad28f00000,0x000000ad29000000] [id=7928]
  0x000001f9a9760800 GCTaskThread "GC Thread#1" [stack: 0x000000ad29000000,0x000000ad29100000] [id=8440]
  0x000001f9a9735800 GCTaskThread "GC Thread#2" [stack: 0x000000ad29100000,0x000000ad29200000] [id=7692]
  0x000001f9ac8d4800 GCTaskThread "GC Thread#3" [stack: 0x000000ad29200000,0x000000ad29300000] [id=8448]
  0x000001f9a9af3800 ConcurrentGCThread "G1 Main Marker" [stack: 0x000000ad29800000,0x000000ad29900000] [id=4560]
  0x000001f9acfca800 ConcurrentGCThread "G1 Marker#0" [stack: 0x000000ad29900000,0x000000ad29a00000] [id=296]
  0x000001f9a9682000 ConcurrentGCThread "G1 Refine#0" [stack: 0x000000ad29600000,0x000000ad29700000] [id=7848]
  0x000001f9a9681800 ConcurrentGCThread "G1 Refine#1" [stack: 0x000000ad29500000,0x000000ad29600000] [id=7696]
  0x000001f9a9aa8800 ConcurrentGCThread "G1 Refine#2" [stack: 0x000000ad29400000,0x000000ad29500000] [id=4416]
  0x000001f9a9928000 ConcurrentGCThread "G1 Refine#3" [stack: 0x000000ad29300000,0x000000ad29400000] [id=8444]
  0x000001f9a9ad5800 ConcurrentGCThread "G1 Young RemSet Sampling" [stack: 0x000000ad29700000,0x000000ad29800000] [id=7596]

Threads with active compile tasks:

VM state:not at safepoint (normal execution)

VM Mutex/Monitor currently owned by a thread: None

Heap address: 0x0000000700000000, size: 3072 MB, Compressed Oops mode: Zero based, Oop shift amount: 3
Narrow klass base: 0x0000000000000000, Narrow klass shift: 3
Compressed class space size: 1073741824 Address: 0x00000007c0000000

Heap:
 garbage-first heap   total 207872K, used 126342K [0x0000000700000000, 0x0000000700100658, 0x00000007c0000000)
  region size 1024K, 38 young (38912K), 2 survivors (2048K)
 Metaspace       used 84016K, capacity 88409K, committed 90876K, reserved 1128448K
  class space    used 11226K, capacity 12029K, committed 12540K, reserved 1048576K
Heap Regions: E=young(eden), S=young(survivor), O=old, HS=humongous(starts), HC=humongous(continues), CS=collection set, F=free, A=archive, TS=gc time stamp, AC=allocation context, TAMS=top-at-mark-start (previous, next)
|   0|0x0000000700000000, 0x00000007000fffe8, 0x0000000700100000| 99%| O|  |TS  0|AC  0|TAMS 0x00000007000fffe8, 0x00000007000fffe8|
|   1|0x0000000700100000, 0x00000007001fd610, 0x0000000700200000| 98%| O|  |TS  0|AC  0|TAMS 0x00000007001fd610, 0x00000007001fd610|
|   2|0x0000000700200000, 0x00000007002fef58, 0x0000000700300000| 99%| O|  |TS  0|AC  0|TAMS 0x00000007002fef58, 0x00000007002fef58|
|   3|0x0000000700300000, 0x00000007003f08a0, 0x0000000700400000| 93%| O|  |TS  0|AC  0|TAMS 0x00000007003f08a0, 0x00000007003f08a0|
|   4|0x0000000700400000, 0x0000000700500000, 0x0000000700500000|100%|HS|  |TS  0|AC  0|TAMS 0x0000000700500000, 0x0000000700500000|
|   5|0x0000000700500000, 0x0000000700600000, 0x0000000700600000|100%|HC|  |TS  0|AC  0|TAMS 0x0000000700600000, 0x0000000700600000|
|   6|0x0000000700600000, 0x0000000700700000, 0x0000000700700000|100%|HS|  |TS  0|AC  0|TAMS 0x0000000700700000, 0x0000000700700000|
|   7|0x0000000700700000, 0x00000007007fbe88, 0x0000000700800000| 98%| O|  |TS  0|AC  0|TAMS 0x00000007007fbe88, 0x00000007007fbe88|
|   8|0x0000000700800000, 0x00000007008f44d8, 0x0000000700900000| 95%| O|  |TS  0|AC  0|TAMS 0x00000007008f44d8, 0x00000007008f44d8|
|   9|0x0000000700900000, 0x0000000700a00000, 0x0000000700a00000|100%| O|  |TS  0|AC  0|TAMS 0x0000000700a00000, 0x0000000700a00000|
|  10|0x0000000700a00000, 0x0000000700affff8, 0x0000000700b00000| 99%| O|  |TS  0|AC  0|TAMS 0x0000000700affff8, 0x0000000700affff8|
|  11|0x0000000700b00000, 0x0000000700bfffb8, 0x0000000700c00000| 99%| O|  |TS  0|AC  0|TAMS 0x0000000700bfffb8, 0x0000000700bfffb8|
|  12|0x0000000700c00000, 0x0000000700cfaba8, 0x0000000700d00000| 97%| O|  |TS  0|AC  0|TAMS 0x0000000700cfaba8, 0x0000000700cfaba8|
|  13|0x0000000700d00000, 0x0000000700e00000, 0x0000000700e00000|100%| O|  |TS  0|AC  0|TAMS 0x0000000700e00000, 0x0000000700e00000|
|  14|0x0000000700e00000, 0x0000000700f00000, 0x0000000700f00000|100%| O|  |TS  0|AC  0|TAMS 0x0000000700f00000, 0x0000000700f00000|
|  15|0x0000000700f00000, 0x0000000700fee3c0, 0x0000000701000000| 93%| O|  |TS  0|AC  0|TAMS 0x0000000700fee3c0, 0x0000000700fee3c0|
|  16|0x0000000701000000, 0x00000007010ffff0, 0x0000000701100000| 99%| O|  |TS  0|AC  0|TAMS 0x00000007010ffff0, 0x00000007010ffff0|
|  17|0x0000000701100000, 0x00000007011ffff8, 0x0000000701200000| 99%| O|  |TS  0|AC  0|TAMS 0x00000007011ffff8, 0x00000007011ffff8|
|  18|0x0000000701200000, 0x00000007012ffff0, 0x0000000701300000| 99%| O|  |TS  0|AC  0|TAMS 0x00000007012ffff0, 0x00000007012ffff0|
|  19|0x0000000701300000, 0x00000007013ffff8, 0x0000000701400000| 99%| O|  |TS  0|AC  0|TAMS 0x00000007013ffff8, 0x00000007013ffff8|
|  20|0x0000000701400000, 0x00000007014aea78, 0x0000000701500000| 68%| O|  |TS  0|AC  0|TAMS 0x00000007014aea78, 0x00000007014aea78|
|  21|0x0000000701500000, 0x00000007015ffff8, 0x0000000701600000| 99%| O|  |TS  0|AC  0|TAMS 0x00000007015ffff8, 0x00000007015ffff8|
|  22|0x0000000701600000, 0x0000000701700000, 0x0000000701700000|100%| O|  |TS  0|AC  0|TAMS 0x0000000701700000, 0x0000000701700000|
|  23|0x0000000701700000, 0x00000007017ffff8, 0x0000000701800000| 99%| O|  |TS  0|AC  0|TAMS 0x00000007017ffff8, 0x00000007017ffff8|
|  24|0x0000000701800000, 0x00000007018ffff0, 0x0000000701900000| 99%| O|  |TS  0|AC  0|TAMS 0x00000007018ffff0, 0x00000007018ffff0|
|  25|0x0000000701900000, 0x00000007019ffff0, 0x0000000701a00000| 99%| O|  |TS  0|AC  0|TAMS 0x00000007019ffff0, 0x00000007019ffff0|
|  26|0x0000000701a00000, 0x0000000701affff8, 0x0000000701b00000| 99%| O|  |TS  0|AC  0|TAMS 0x0000000701affff8, 0x0000000701affff8|
|  27|0x0000000701b00000, 0x0000000701bfff78, 0x0000000701c00000| 99%| O|  |TS  0|AC  0|TAMS 0x0000000701bfff78, 0x0000000701bfff78|
|  28|0x0000000701c00000, 0x0000000701cfffc8, 0x0000000701d00000| 99%| O|  |TS  0|AC  0|TAMS 0x0000000701cfffc8, 0x0000000701cfffc8|
|  29|0x0000000701d00000, 0x0000000701e00000, 0x0000000701e00000|100%| O|  |TS  0|AC  0|TAMS 0x0000000701e00000, 0x0000000701e00000|
|  30|0x0000000701e00000, 0x0000000701effff0, 0x0000000701f00000| 99%| O|  |TS  0|AC  0|TAMS 0x0000000701effff0, 0x0000000701effff0|
|  31|0x0000000701f00000, 0x0000000702000000, 0x0000000702000000|100%| O|  |TS  0|AC  0|TAMS 0x0000000702000000, 0x0000000702000000|
|  32|0x0000000702000000, 0x00000007020fffd8, 0x0000000702100000| 99%| O|  |TS  0|AC  0|TAMS 0x00000007020fffd8, 0x00000007020fffd8|
|  33|0x0000000702100000, 0x00000007021ffff0, 0x0000000702200000| 99%| O|  |TS  0|AC  0|TAMS 0x00000007021ffff0, 0x00000007021ffff0|
|  34|0x0000000702200000, 0x00000007022fff90, 0x0000000702300000| 99%| O|  |TS  0|AC  0|TAMS 0x00000007022fff90, 0x00000007022fff90|
|  35|0x0000000702300000, 0x00000007023fffd8, 0x0000000702400000| 99%| O|  |TS  0|AC  0|TAMS 0x00000007023fffd8, 0x00000007023fffd8|
|  36|0x0000000702400000, 0x00000007024ffa80, 0x0000000702500000| 99%| O|  |TS  0|AC  0|TAMS 0x00000007024ffa80, 0x00000007024ffa80|
|  37|0x0000000702500000, 0x00000007025fffe0, 0x0000000702600000| 99%| O|  |TS  0|AC  0|TAMS 0x00000007025fffe0, 0x00000007025fffe0|
|  38|0x0000000702600000, 0x00000007026fff88, 0x0000000702700000| 99%| O|  |TS  0|AC  0|TAMS 0x00000007026fff88, 0x00000007026fff88|
|  39|0x0000000702700000, 0x00000007027ffff8, 0x0000000702800000| 99%| O|  |TS  0|AC  0|TAMS 0x00000007027ffff8, 0x00000007027ffff8|
|  40|0x0000000702800000, 0x00000007028ffff8, 0x0000000702900000| 99%| O|  |TS  0|AC  0|TAMS 0x00000007028ffff8, 0x00000007028ffff8|
|  41|0x0000000702900000, 0x00000007029fffd8, 0x0000000702a00000| 99%| O|  |TS  0|AC  0|TAMS 0x00000007029fffd8, 0x00000007029fffd8|
|  42|0x0000000702a00000, 0x0000000702afffb8, 0x0000000702b00000| 99%| O|  |TS  0|AC  0|TAMS 0x0000000702afffb8, 0x0000000702afffb8|
|  43|0x0000000702b00000, 0x0000000702bffff0, 0x0000000702c00000| 99%| O|  |TS  0|AC  0|TAMS 0x0000000702bffff0, 0x0000000702bffff0|
|  44|0x0000000702c00000, 0x0000000702cffef0, 0x0000000702d00000| 99%| O|  |TS  0|AC  0|TAMS 0x0000000702cffef0, 0x0000000702cffef0|
|  45|0x0000000702d00000, 0x0000000702dfe5a8, 0x0000000702e00000| 99%| O|  |TS  0|AC  0|TAMS 0x0000000702dfe5a8, 0x0000000702dfe5a8|
|  46|0x0000000702e00000, 0x0000000702f00000, 0x0000000702f00000|100%|HS|  |TS  0|AC  0|TAMS 0x0000000702f00000, 0x0000000702f00000|
|  47|0x0000000702f00000, 0x0000000703000000, 0x0000000703000000|100%|HC|  |TS  0|AC  0|TAMS 0x0000000703000000, 0x0000000703000000|
|  48|0x0000000703000000, 0x0000000703100000, 0x0000000703100000|100%|HC|  |TS  0|AC  0|TAMS 0x0000000703100000, 0x0000000703100000|
|  49|0x0000000703100000, 0x0000000703200000, 0x0000000703200000|100%|HC|  |TS  0|AC  0|TAMS 0x0000000703200000, 0x0000000703200000|
|  50|0x0000000703200000, 0x0000000703300000, 0x0000000703300000|100%|HS|  |TS  0|AC  0|TAMS 0x0000000703300000, 0x0000000703300000|
|  51|0x0000000703300000, 0x0000000703400000, 0x0000000703400000|100%|HC|  |TS  0|AC  0|TAMS 0x0000000703400000, 0x0000000703400000|
|  52|0x0000000703400000, 0x00000007034fffa8, 0x0000000703500000| 99%| O|  |TS  0|AC  0|TAMS 0x00000007034fffa8, 0x00000007034fffa8|
|  53|0x0000000703500000, 0x00000007035ff168, 0x0000000703600000| 99%| O|  |TS  0|AC  0|TAMS 0x00000007035ff168, 0x00000007035ff168|
|  54|0x0000000703600000, 0x00000007036ffff8, 0x0000000703700000| 99%| O|  |TS  0|AC  0|TAMS 0x00000007036ffff8, 0x00000007036ffff8|
|  55|0x0000000703700000, 0x00000007037ffff8, 0x0000000703800000| 99%| O|  |TS  0|AC  0|TAMS 0x00000007037ffff8, 0x00000007037ffff8|
|  56|0x0000000703800000, 0x00000007038fff60, 0x0000000703900000| 99%| O|  |TS  0|AC  0|TAMS 0x00000007038fff60, 0x00000007038fff60|
|  57|0x0000000703900000, 0x00000007039fffe8, 0x0000000703a00000| 99%| O|  |TS  0|AC  0|TAMS 0x00000007039fffe8, 0x00000007039fffe8|
|  58|0x0000000703a00000, 0x0000000703afffe0, 0x0000000703b00000| 99%| O|  |TS  0|AC  0|TAMS 0x0000000703afffe0, 0x0000000703afffe0|
|  59|0x0000000703b00000, 0x0000000703c00000, 0x0000000703c00000|100%| O|  |TS  0|AC  0|TAMS 0x0000000703c00000, 0x0000000703c00000|
|  60|0x0000000703c00000, 0x0000000703cfe970, 0x0000000703d00000| 99%| O|  |TS  0|AC  0|TAMS 0x0000000703cfe970, 0x0000000703cfe970|
|  61|0x0000000703d00000, 0x0000000703dfffe8, 0x0000000703e00000| 99%| O|  |TS  0|AC  0|TAMS 0x0000000703dfffe8, 0x0000000703dfffe8|
|  62|0x0000000703e00000, 0x0000000703efffe0, 0x0000000703f00000| 99%| O|  |TS  0|AC  0|TAMS 0x0000000703efffe0, 0x0000000703efffe0|
|  63|0x0000000703f00000, 0x0000000703fffff0, 0x0000000704000000| 99%| O|  |TS  0|AC  0|TAMS 0x0000000703fffff0, 0x0000000703fffff0|
|  64|0x0000000704000000, 0x00000007040ffff0, 0x0000000704100000| 99%| O|  |TS  0|AC  0|TAMS 0x00000007040ffff0, 0x00000007040ffff0|
|  65|0x0000000704100000, 0x0000000704200000, 0x0000000704200000|100%| O|  |TS  0|AC  0|TAMS 0x0000000704200000, 0x0000000704200000|
|  66|0x0000000704200000, 0x0000000704300000, 0x0000000704300000|100%| O|  |TS  0|AC  0|TAMS 0x0000000704300000, 0x0000000704300000|
|  67|0x0000000704300000, 0x00000007043ffff8, 0x0000000704400000| 99%| O|  |TS  0|AC  0|TAMS 0x00000007043ffff8, 0x00000007043ffff8|
|  68|0x0000000704400000, 0x00000007044ffff8, 0x0000000704500000| 99%| O|  |TS  0|AC  0|TAMS 0x00000007044ffff8, 0x00000007044ffff8|
|  69|0x0000000704500000, 0x00000007045fffe8, 0x0000000704600000| 99%| O|  |TS  0|AC  0|TAMS 0x00000007045fffe8, 0x00000007045fffe8|
|  70|0x0000000704600000, 0x00000007046ffff8, 0x0000000704700000| 99%| O|  |TS  0|AC  0|TAMS 0x00000007046ffff8, 0x00000007046ffff8|
|  71|0x0000000704700000, 0x00000007047ffff8, 0x0000000704800000| 99%| O|  |TS  0|AC  0|TAMS 0x00000007047ffff8, 0x00000007047ffff8|
|  72|0x0000000704800000, 0x00000007048fffd8, 0x0000000704900000| 99%| O|  |TS  0|AC  0|TAMS 0x00000007048fffd8, 0x00000007048fffd8|
|  73|0x0000000704900000, 0x0000000704a00000, 0x0000000704a00000|100%| O|  |TS  0|AC  0|TAMS 0x0000000704a00000, 0x0000000704a00000|
|  74|0x0000000704a00000, 0x0000000704af1c18, 0x0000000704b00000| 94%| O|  |TS  0|AC  0|TAMS 0x0000000704af1c18, 0x0000000704af1c18|
|  75|0x0000000704b00000, 0x0000000704b00000, 0x0000000704c00000|  0%| F|  |TS 19|AC  0|TAMS 0x0000000704b00000, 0x0000000704b00000|
|  76|0x0000000704c00000, 0x0000000704d00000, 0x0000000704d00000|100%|HS|  |TS  1|AC  0|TAMS 0x0000000704c00000, 0x0000000704c00000|
|  77|0x0000000704d00000, 0x0000000704d00000, 0x0000000704e00000|  0%| F|  |TS 19|AC  0|TAMS 0x0000000704d00000, 0x0000000704d00000|
|  78|0x0000000704e00000, 0x0000000704e00000, 0x0000000704f00000|  0%| F|  |TS  0|AC  0|TAMS 0x0000000704e00000, 0x0000000704e00000|
|  79|0x0000000704f00000, 0x0000000704f00000, 0x0000000705000000|  0%| F|  |TS  0|AC  0|TAMS 0x0000000704f00000, 0x0000000704f00000|
|  80|0x0000000705000000, 0x0000000705100000, 0x0000000705100000|100%|HS|  |TS  0|AC  0|TAMS 0x0000000705100000, 0x0000000705100000|
|  81|0x0000000705100000, 0x0000000705200000, 0x0000000705200000|100%|HC|  |TS  0|AC  0|TAMS 0x0000000705200000, 0x0000000705200000|
|  82|0x0000000705200000, 0x0000000705200000, 0x0000000705300000|  0%| F|  |TS  0|AC  0|TAMS 0x0000000705200000, 0x0000000705200000|
|  83|0x0000000705300000, 0x0000000705300000, 0x0000000705400000|  0%| F|  |TS  0|AC  0|TAMS 0x0000000705300000, 0x0000000705300000|
|  84|0x0000000705400000, 0x0000000705400000, 0x0000000705500000|  0%| F|  |TS  0|AC  0|TAMS 0x0000000705400000, 0x0000000705400000|
|  85|0x0000000705500000, 0x0000000705500000, 0x0000000705600000|  0%| F|  |TS  0|AC  0|TAMS 0x0000000705500000, 0x0000000705500000|
|  86|0x0000000705600000, 0x0000000705600000, 0x0000000705700000|  0%| F|  |TS  0|AC  0|TAMS 0x0000000705600000, 0x0000000705600000|
|  87|0x0000000705700000, 0x0000000705700000, 0x0000000705800000|  0%| F|  |TS  0|AC  0|TAMS 0x0000000705700000, 0x0000000705700000|
|  88|0x0000000705800000, 0x0000000705800000, 0x0000000705900000|  0%| F|  |TS  0|AC  0|TAMS 0x0000000705800000, 0x0000000705800000|
|  89|0x0000000705900000, 0x0000000705900000, 0x0000000705a00000|  0%| F|  |TS  0|AC  0|TAMS 0x0000000705900000, 0x0000000705900000|
|  90|0x0000000705a00000, 0x0000000705a00000, 0x0000000705b00000|  0%| F|  |TS  0|AC  0|TAMS 0x0000000705a00000, 0x0000000705a00000|
|  91|0x0000000705b00000, 0x0000000705b00000, 0x0000000705c00000|  0%| F|  |TS  0|AC  0|TAMS 0x0000000705b00000, 0x0000000705b00000|
|  92|0x0000000705c00000, 0x0000000705c00000, 0x0000000705d00000|  0%| F|  |TS  0|AC  0|TAMS 0x0000000705c00000, 0x0000000705c00000|
|  93|0x0000000705d00000, 0x0000000705d00000, 0x0000000705e00000|  0%| F|  |TS  0|AC  0|TAMS 0x0000000705d00000, 0x0000000705d00000|
|  94|0x0000000705e00000, 0x0000000705e00000, 0x0000000705f00000|  0%| F|  |TS  0|AC  0|TAMS 0x0000000705e00000, 0x0000000705e00000|
|  95|0x0000000705f00000, 0x0000000705f00000, 0x0000000706000000|  0%| F|  |TS  0|AC  0|TAMS 0x0000000705f00000, 0x0000000705f00000|
|  96|0x0000000706000000, 0x0000000706000000, 0x0000000706100000|  0%| F|  |TS  0|AC  0|TAMS 0x0000000706000000, 0x0000000706000000|
|  97|0x0000000706100000, 0x0000000706100000, 0x0000000706200000|  0%| F|  |TS  0|AC  0|TAMS 0x0000000706100000, 0x0000000706100000|
|  98|0x0000000706200000, 0x0000000706200000, 0x0000000706300000|  0%| F|  |TS  0|AC  0|TAMS 0x0000000706200000, 0x0000000706200000|
|  99|0x0000000706300000, 0x0000000706300000, 0x0000000706400000|  0%| F|  |TS  0|AC  0|TAMS 0x0000000706300000, 0x0000000706300000|
| 100|0x0000000706400000, 0x0000000706400000, 0x0000000706500000|  0%| F|  |TS  0|AC  0|TAMS 0x0000000706400000, 0x0000000706400000|
| 101|0x0000000706500000, 0x0000000706500000, 0x0000000706600000|  0%| F|  |TS  0|AC  0|TAMS 0x0000000706500000, 0x0000000706500000|
| 102|0x0000000706600000, 0x0000000706600000, 0x0000000706700000|  0%| F|  |TS  0|AC  0|TAMS 0x0000000706600000, 0x0000000706600000|
| 103|0x0000000706700000, 0x0000000706700000, 0x0000000706800000|  0%| F|  |TS  0|AC  0|TAMS 0x0000000706700000, 0x0000000706700000|
| 104|0x0000000706800000, 0x0000000706800000, 0x0000000706900000|  0%| F|  |TS  0|AC  0|TAMS 0x0000000706800000, 0x0000000706800000|
| 105|0x0000000706900000, 0x0000000706a00000, 0x0000000706a00000|100%|HS|  |TS  0|AC  0|TAMS 0x0000000706a00000, 0x0000000706a00000|
| 106|0x0000000706a00000, 0x0000000706b00000, 0x0000000706b00000|100%|HC|  |TS  0|AC  0|TAMS 0x0000000706b00000, 0x0000000706b00000|
| 107|0x0000000706b00000, 0x0000000706c00000, 0x0000000706c00000|100%|HC|  |TS  0|AC  0|TAMS 0x0000000706c00000, 0x0000000706c00000|
| 108|0x0000000706c00000, 0x0000000706d00000, 0x0000000706d00000|100%|HC|  |TS  0|AC  0|TAMS 0x0000000706d00000, 0x0000000706d00000|
| 109|0x0000000706d00000, 0x0000000706e00000, 0x0000000706e00000|100%|HC|  |TS  0|AC  0|TAMS 0x0000000706e00000, 0x0000000706e00000|
| 110|0x0000000706e00000, 0x0000000706f00000, 0x0000000706f00000|100%|HC|  |TS  0|AC  0|TAMS 0x0000000706f00000, 0x0000000706f00000|
| 111|0x0000000706f00000, 0x0000000707000000, 0x0000000707000000|100%|HC|  |TS  0|AC  0|TAMS 0x0000000707000000, 0x0000000707000000|
| 112|0x0000000707000000, 0x0000000707000000, 0x0000000707100000|  0%| F|  |TS  0|AC  0|TAMS 0x0000000707000000, 0x0000000707000000|
| 113|0x0000000707100000, 0x0000000707100000, 0x0000000707200000|  0%| F|  |TS  0|AC  0|TAMS 0x0000000707100000, 0x0000000707100000|
| 114|0x0000000707200000, 0x0000000707300000, 0x0000000707300000|100%|HS|  |TS  0|AC  0|TAMS 0x0000000707300000, 0x0000000707300000|
| 115|0x0000000707300000, 0x0000000707400000, 0x0000000707400000|100%|HS|  |TS  0|AC  0|TAMS 0x0000000707400000, 0x0000000707400000|
| 116|0x0000000707400000, 0x0000000707400000, 0x0000000707500000|  0%| F|  |TS  0|AC  0|TAMS 0x0000000707400000, 0x0000000707400000|
| 117|0x0000000707500000, 0x0000000707500000, 0x0000000707600000|  0%| F|  |TS  0|AC  0|TAMS 0x0000000707500000, 0x0000000707500000|
| 118|0x0000000707600000, 0x0000000707600000, 0x0000000707700000|  0%| F|  |TS  0|AC  0|TAMS 0x0000000707600000, 0x0000000707600000|
| 119|0x0000000707700000, 0x0000000707700000, 0x0000000707800000|  0%| F|  |TS  0|AC  0|TAMS 0x0000000707700000, 0x0000000707700000|
| 120|0x0000000707800000, 0x0000000707800000, 0x0000000707900000|  0%| F|  |TS  0|AC  0|TAMS 0x0000000707800000, 0x0000000707800000|
| 121|0x0000000707900000, 0x0000000707900000, 0x0000000707a00000|  0%| F|  |TS  0|AC  0|TAMS 0x0000000707900000, 0x0000000707900000|
| 122|0x0000000707a00000, 0x0000000707a00000, 0x0000000707b00000|  0%| F|  |TS  0|AC  0|TAMS 0x0000000707a00000, 0x0000000707a00000|
| 123|0x0000000707b00000, 0x0000000707b00000, 0x0000000707c00000|  0%| F|  |TS  0|AC  0|TAMS 0x0000000707b00000, 0x0000000707b00000|
| 124|0x0000000707c00000, 0x0000000707c00000, 0x0000000707d00000|  0%| F|  |TS  0|AC  0|TAMS 0x0000000707c00000, 0x0000000707c00000|
| 125|0x0000000707d00000, 0x0000000707d00000, 0x0000000707e00000|  0%| F|  |TS  0|AC  0|TAMS 0x0000000707d00000, 0x0000000707d00000|
| 126|0x0000000707e00000, 0x0000000707e00000, 0x0000000707f00000|  0%| F|  |TS  0|AC  0|TAMS 0x0000000707e00000, 0x0000000707e00000|
| 127|0x0000000707f00000, 0x0000000707f00000, 0x0000000708000000|  0%| F|  |TS  0|AC  0|TAMS 0x0000000707f00000, 0x0000000707f00000|
| 128|0x0000000708000000, 0x0000000708000000, 0x0000000708100000|  0%| F|  |TS  0|AC  0|TAMS 0x0000000708000000, 0x0000000708000000|
| 129|0x0000000708100000, 0x0000000708100000, 0x0000000708200000|  0%| F|  |TS  0|AC  0|TAMS 0x0000000708100000, 0x0000000708100000|
| 130|0x0000000708200000, 0x0000000708200000, 0x0000000708300000|  0%| F|  |TS  0|AC  0|TAMS 0x0000000708200000, 0x0000000708200000|
| 131|0x0000000708300000, 0x0000000708300000, 0x0000000708400000|  0%| F|  |TS  0|AC  0|TAMS 0x0000000708300000, 0x0000000708300000|
| 132|0x0000000708400000, 0x0000000708400000, 0x0000000708500000|  0%| F|  |TS  0|AC  0|TAMS 0x0000000708400000, 0x0000000708400000|
| 133|0x0000000708500000, 0x0000000708500000, 0x0000000708600000|  0%| F|  |TS  0|AC  0|TAMS 0x0000000708500000, 0x0000000708500000|
| 134|0x0000000708600000, 0x0000000708600000, 0x0000000708700000|  0%| F|  |TS  0|AC  0|TAMS 0x0000000708600000, 0x0000000708600000|
| 135|0x0000000708700000, 0x0000000708700000, 0x0000000708800000|  0%| F|  |TS  0|AC  0|TAMS 0x0000000708700000, 0x0000000708700000|
| 136|0x0000000708800000, 0x0000000708800000, 0x0000000708900000|  0%| F|  |TS  0|AC  0|TAMS 0x0000000708800000, 0x0000000708800000|
| 137|0x0000000708900000, 0x0000000708900000, 0x0000000708a00000|  0%| F|  |TS  0|AC  0|TAMS 0x0000000708900000, 0x0000000708900000|
| 138|0x0000000708a00000, 0x0000000708a00000, 0x0000000708b00000|  0%| F|  |TS  0|AC  0|TAMS 0x0000000708a00000, 0x0000000708a00000|
| 139|0x0000000708b00000, 0x0000000708b00000, 0x0000000708c00000|  0%| F|  |TS 17|AC  0|TAMS 0x0000000708b00000, 0x0000000708b00000|
| 140|0x0000000708c00000, 0x0000000708c00000, 0x0000000708d00000|  0%| F|  |TS 17|AC  0|TAMS 0x0000000708c00000, 0x0000000708c00000|
| 141|0x0000000708d00000, 0x0000000708e00000, 0x0000000708e00000|100%| S|CS|TS 19|AC  0|TAMS 0x0000000708d00000, 0x0000000708d00000|
| 142|0x0000000708e00000, 0x0000000708f00000, 0x0000000708f00000|100%| S|CS|TS 19|AC  0|TAMS 0x0000000708e00000, 0x0000000708e00000|
| 143|0x0000000708f00000, 0x0000000708f00000, 0x0000000709000000|  0%| F|  |TS 19|AC  0|TAMS 0x0000000708f00000, 0x0000000708f00000|
| 144|0x0000000709000000, 0x0000000709000000, 0x0000000709100000|  0%| F|  |TS 19|AC  0|TAMS 0x0000000709000000, 0x0000000709000000|
| 145|0x0000000709100000, 0x0000000709100000, 0x0000000709200000|  0%| F|  |TS 19|AC  0|TAMS 0x0000000709100000, 0x0000000709100000|
| 146|0x0000000709200000, 0x0000000709200000, 0x0000000709300000|  0%| F|  |TS 19|AC  0|TAMS 0x0000000709200000, 0x0000000709200000|
| 147|0x0000000709300000, 0x0000000709300000, 0x0000000709400000|  0%| F|  |TS 19|AC  0|TAMS 0x0000000709300000, 0x0000000709300000|
| 148|0x0000000709400000, 0x0000000709400000, 0x0000000709500000|  0%| F|  |TS 19|AC  0|TAMS 0x0000000709400000, 0x0000000709400000|
| 149|0x0000000709500000, 0x0000000709500000, 0x0000000709600000|  0%| F|  |TS 19|AC  0|TAMS 0x0000000709500000, 0x0000000709500000|
| 150|0x0000000709600000, 0x0000000709600000, 0x0000000709700000|  0%| F|  |TS 19|AC  0|TAMS 0x0000000709600000, 0x0000000709600000|
| 151|0x0000000709700000, 0x0000000709700000, 0x0000000709800000|  0%| F|  |TS 19|AC  0|TAMS 0x0000000709700000, 0x0000000709700000|
| 152|0x0000000709800000, 0x0000000709800000, 0x0000000709900000|  0%| F|  |TS 19|AC  0|TAMS 0x0000000709800000, 0x0000000709800000|
| 153|0x0000000709900000, 0x0000000709900000, 0x0000000709a00000|  0%| F|  |TS 19|AC  0|TAMS 0x0000000709900000, 0x0000000709900000|
| 154|0x0000000709a00000, 0x0000000709a00000, 0x0000000709b00000|  0%| F|  |TS 19|AC  0|TAMS 0x0000000709a00000, 0x0000000709a00000|
| 155|0x0000000709b00000, 0x0000000709b00000, 0x0000000709c00000|  0%| F|  |TS 19|AC  0|TAMS 0x0000000709b00000, 0x0000000709b00000|
| 156|0x0000000709c00000, 0x0000000709c00000, 0x0000000709d00000|  0%| F|  |TS 19|AC  0|TAMS 0x0000000709c00000, 0x0000000709c00000|
| 157|0x0000000709d00000, 0x0000000709d00000, 0x0000000709e00000|  0%| F|  |TS 19|AC  0|TAMS 0x0000000709d00000, 0x0000000709d00000|
| 158|0x0000000709e00000, 0x0000000709e00000, 0x0000000709f00000|  0%| F|  |TS 19|AC  0|TAMS 0x0000000709e00000, 0x0000000709e00000|
| 159|0x0000000709f00000, 0x0000000709f00000, 0x000000070a000000|  0%| F|  |TS 19|AC  0|TAMS 0x0000000709f00000, 0x0000000709f00000|
| 160|0x000000070a000000, 0x000000070a000000, 0x000000070a100000|  0%| F|  |TS 19|AC  0|TAMS 0x000000070a000000, 0x000000070a000000|
| 161|0x000000070a100000, 0x000000070a100000, 0x000000070a200000|  0%| F|  |TS 19|AC  0|TAMS 0x000000070a100000, 0x000000070a100000|
| 162|0x000000070a200000, 0x000000070a200000, 0x000000070a300000|  0%| F|  |TS 19|AC  0|TAMS 0x000000070a200000, 0x000000070a200000|
| 163|0x000000070a300000, 0x000000070a300000, 0x000000070a400000|  0%| F|  |TS 19|AC  0|TAMS 0x000000070a300000, 0x000000070a300000|
| 164|0x000000070a400000, 0x000000070a400000, 0x000000070a500000|  0%| F|  |TS 19|AC  0|TAMS 0x000000070a400000, 0x000000070a400000|
| 165|0x000000070a500000, 0x000000070a500000, 0x000000070a600000|  0%| F|  |TS 19|AC  0|TAMS 0x000000070a500000, 0x000000070a500000|
| 166|0x000000070a600000, 0x000000070a600000, 0x000000070a700000|  0%| F|  |TS 19|AC  0|TAMS 0x000000070a600000, 0x000000070a600000|
| 167|0x000000070a700000, 0x000000070a725de0, 0x000000070a800000| 14%| E|  |TS 19|AC  0|TAMS 0x000000070a700000, 0x000000070a700000|
| 168|0x000000070a800000, 0x000000070a900000, 0x000000070a900000|100%| E|CS|TS 19|AC  0|TAMS 0x000000070a800000, 0x000000070a800000|
| 169|0x000000070a900000, 0x000000070aa00000, 0x000000070aa00000|100%| E|CS|TS 19|AC  0|TAMS 0x000000070a900000, 0x000000070a900000|
| 170|0x000000070aa00000, 0x000000070ab00000, 0x000000070ab00000|100%| E|CS|TS 19|AC  0|TAMS 0x000000070aa00000, 0x000000070aa00000|
| 171|0x000000070ab00000, 0x000000070ac00000, 0x000000070ac00000|100%| E|CS|TS 19|AC  0|TAMS 0x000000070ab00000, 0x000000070ab00000|
| 172|0x000000070ac00000, 0x000000070ad00000, 0x000000070ad00000|100%| E|CS|TS 19|AC  0|TAMS 0x000000070ac00000, 0x000000070ac00000|
| 173|0x000000070ad00000, 0x000000070ae00000, 0x000000070ae00000|100%| E|CS|TS 19|AC  0|TAMS 0x000000070ad00000, 0x000000070ad00000|
| 174|0x000000070ae00000, 0x000000070af00000, 0x000000070af00000|100%| E|CS|TS 19|AC  0|TAMS 0x000000070ae00000, 0x000000070ae00000|
| 175|0x000000070af00000, 0x000000070b000000, 0x000000070b000000|100%| E|CS|TS 19|AC  0|TAMS 0x000000070af00000, 0x000000070af00000|
| 176|0x000000070b000000, 0x000000070b100000, 0x000000070b100000|100%| E|CS|TS 19|AC  0|TAMS 0x000000070b000000, 0x000000070b000000|
| 177|0x000000070b100000, 0x000000070b200000, 0x000000070b200000|100%| E|CS|TS 19|AC  0|TAMS 0x000000070b100000, 0x000000070b100000|
| 178|0x000000070b200000, 0x000000070b300000, 0x000000070b300000|100%| E|CS|TS 19|AC  0|TAMS 0x000000070b200000, 0x000000070b200000|
| 179|0x000000070b300000, 0x000000070b400000, 0x000000070b400000|100%| E|CS|TS 19|AC  0|TAMS 0x000000070b300000, 0x000000070b300000|
| 180|0x000000070b400000, 0x000000070b500000, 0x000000070b500000|100%| E|CS|TS 19|AC  0|TAMS 0x000000070b400000, 0x000000070b400000|
| 181|0x000000070b500000, 0x000000070b600000, 0x000000070b600000|100%| E|CS|TS 19|AC  0|TAMS 0x000000070b500000, 0x000000070b500000|
| 182|0x000000070b600000, 0x000000070b700000, 0x000000070b700000|100%| E|CS|TS 19|AC  0|TAMS 0x000000070b600000, 0x000000070b600000|
| 183|0x000000070b700000, 0x000000070b800000, 0x000000070b800000|100%| E|CS|TS 19|AC  0|TAMS 0x000000070b700000, 0x000000070b700000|
| 184|0x000000070b800000, 0x000000070b900000, 0x000000070b900000|100%| E|CS|TS 19|AC  0|TAMS 0x000000070b800000, 0x000000070b800000|
| 185|0x000000070b900000, 0x000000070ba00000, 0x000000070ba00000|100%| E|CS|TS 19|AC  0|TAMS 0x000000070b900000, 0x000000070b900000|
| 186|0x000000070ba00000, 0x000000070bb00000, 0x000000070bb00000|100%| E|CS|TS 19|AC  0|TAMS 0x000000070ba00000, 0x000000070ba00000|
| 187|0x000000070bb00000, 0x000000070bc00000, 0x000000070bc00000|100%| E|CS|TS 19|AC  0|TAMS 0x000000070bb00000, 0x000000070bb00000|
| 188|0x000000070bc00000, 0x000000070bd00000, 0x000000070bd00000|100%| E|CS|TS 19|AC  0|TAMS 0x000000070bc00000, 0x000000070bc00000|
| 189|0x000000070bd00000, 0x000000070be00000, 0x000000070be00000|100%| E|CS|TS 19|AC  0|TAMS 0x000000070bd00000, 0x000000070bd00000|
| 190|0x000000070be00000, 0x000000070bf00000, 0x000000070bf00000|100%| E|CS|TS 19|AC  0|TAMS 0x000000070be00000, 0x000000070be00000|
| 191|0x000000070bf00000, 0x000000070c000000, 0x000000070c000000|100%| E|CS|TS 19|AC  0|TAMS 0x000000070bf00000, 0x000000070bf00000|
| 192|0x000000070c000000, 0x000000070c100000, 0x000000070c100000|100%| E|CS|TS 19|AC  0|TAMS 0x000000070c000000, 0x000000070c000000|
| 193|0x000000070c100000, 0x000000070c200000, 0x000000070c200000|100%| E|CS|TS 19|AC  0|TAMS 0x000000070c100000, 0x000000070c100000|
| 194|0x000000070c200000, 0x000000070c300000, 0x000000070c300000|100%| E|CS|TS 19|AC  0|TAMS 0x000000070c200000, 0x000000070c200000|
| 195|0x000000070c300000, 0x000000070c400000, 0x000000070c400000|100%| E|CS|TS 19|AC  0|TAMS 0x000000070c300000, 0x000000070c300000|
| 196|0x000000070c400000, 0x000000070c500000, 0x000000070c500000|100%| E|CS|TS 19|AC  0|TAMS 0x000000070c400000, 0x000000070c400000|
| 197|0x000000070c500000, 0x000000070c600000, 0x000000070c600000|100%| E|CS|TS 19|AC  0|TAMS 0x000000070c500000, 0x000000070c500000|
| 198|0x000000070c600000, 0x000000070c700000, 0x000000070c700000|100%| E|CS|TS 19|AC  0|TAMS 0x000000070c600000, 0x000000070c600000|
| 199|0x000000070c700000, 0x000000070c800000, 0x000000070c800000|100%| E|CS|TS 19|AC  0|TAMS 0x000000070c700000, 0x000000070c700000|
| 200|0x000000070c800000, 0x000000070c900000, 0x000000070c900000|100%| E|CS|TS 19|AC  0|TAMS 0x000000070c800000, 0x000000070c800000|
| 201|0x000000070c900000, 0x000000070ca00000, 0x000000070ca00000|100%| E|CS|TS 19|AC  0|TAMS 0x000000070c900000, 0x000000070c900000|
| 202|0x000000070ca00000, 0x000000070cb00000, 0x000000070cb00000|100%| E|CS|TS 19|AC  0|TAMS 0x000000070ca00000, 0x000000070ca00000|

Card table byte_map: [0x000001f9aade0000,0x000001f9ab3e0000] byte_map_base: 0x000001f9a75e0000

Marking Bits (Prev, Next): (CMBitMap*) 0x000001f9a9ad6868, (CMBitMap*) 0x000001f9a9ad6830
 Prev Bits: [0x000001f9c9480000, 0x000001f9cc480000)
 Next Bits: [0x000001f9c6480000, 0x000001f9c9480000)

Polling page: 0x000001f9a2a60000

CodeHeap 'non-profiled nmethods': size=120064Kb used=20775Kb max_used=21791Kb free=99288Kb
 bounds [0x000001f9bef40000, 0x000001f9c0490000, 0x000001f9c6480000]
CodeHeap 'profiled nmethods': size=120000Kb used=44269Kb max_used=47833Kb free=75730Kb
 bounds [0x000001f9b7a10000, 0x000001f9ba900000, 0x000001f9bef40000]
CodeHeap 'non-nmethods': size=5696Kb used=1761Kb max_used=1808Kb free=3934Kb
 bounds [0x000001f9b7480000, 0x000001f9b76f0000, 0x000001f9b7a10000]
 total_blobs=32980 nmethods=17730 adapters=1082
 compilation: enabled

Compilation events (10 events):
Event: 3841.081 Thread 0x000001f9b08ac800 22958       4       javax.swing.text.Utilities::getTabbedTextWidth (12 bytes)
Event: 3841.082 Thread 0x000001f9b08ac800 nmethod 22958 0x000001f9bf1f6f10 code [0x000001f9bf1f70a0, 0x000001f9bf1f7148]
Event: 3841.083 Thread 0x000001f9b08c0800 nmethod 22957 0x000001f9b8162190 code [0x000001f9b8162460, 0x000001f9b8163a80]
Event: 3841.083 Thread 0x000001f9b08ac800 22959       4       com.jidesoft.editor.CodeEditor$r_::a (408 bytes)
Event: 3841.137 Thread 0x000001f9b08ac800 nmethod 22959 0x000001f9bf69fb10 code [0x000001f9bf69fe40, 0x000001f9bf6a1b40]
Event: 3841.221 Thread 0x000001f9b08c0000 nmethod 22956 0x000001f9bf9e4990 code [0x000001f9bf9e4ee0, 0x000001f9bf9e9d98]
Event: 3841.757 Thread 0x000001f9b08ac800 22960       4       de.javasoft.plaf.synthetica.styles.MenuStyle::getFont (66 bytes)
Event: 3841.770 Thread 0x000001f9b08ac800 nmethod 22960 0x000001f9bf557210 code [0x000001f9bf557420, 0x000001f9bf557c30]
Event: 3841.844 Thread 0x000001f9b08c0000 22961       4       javax.swing.Timer::<init> (92 bytes)
Event: 3841.854 Thread 0x000001f9b08c0000 nmethod 22961 0x000001f9bf437290 code [0x000001f9bf437480, 0x000001f9bf437db8]

GC Heap History (10 events):
Event: 3835.333 GC heap before
{Heap before GC invocations=318 (full 70):
 garbage-first heap   total 207872K, used 149421K [0x0000000700000000, 0x0000000700100658, 0x00000007c0000000)
  region size 1024K, 60 young (61440K), 1 survivors (1024K)
 Metaspace       used 82917K, capacity 87257K, committed 89980K, reserved 1126400K
  class space    used 11034K, capacity 11813K, committed 12412K, reserved 1048576K
}
Event: 3835.337 GC heap after
{Heap after GC invocations=319 (full 70):
 garbage-first heap   total 207872K, used 89030K [0x0000000700000000, 0x0000000700100658, 0x00000007c0000000)
  region size 1024K, 1 young (1024K), 1 survivors (1024K)
 Metaspace       used 82917K, capacity 87257K, committed 89980K, reserved 1126400K
  class space    used 11034K, capacity 11813K, committed 12412K, reserved 1048576K
}
Event: 3835.555 GC heap before
{Heap before GC invocations=319 (full 70):
 garbage-first heap   total 207872K, used 149446K [0x0000000700000000, 0x0000000700100658, 0x00000007c0000000)
  region size 1024K, 60 young (61440K), 1 survivors (1024K)
 Metaspace       used 82917K, capacity 87257K, committed 89980K, reserved 1126400K
  class space    used 11034K, capacity 11813K, committed 12412K, reserved 1048576K
}
Event: 3835.559 GC heap after
{Heap after GC invocations=320 (full 70):
 garbage-first heap   total 207872K, used 89095K [0x0000000700000000, 0x0000000700100658, 0x00000007c0000000)
  region size 1024K, 1 young (1024K), 1 survivors (1024K)
 Metaspace       used 82917K, capacity 87257K, committed 89980K, reserved 1126400K
  class space    used 11034K, capacity 11813K, committed 12412K, reserved 1048576K
}
Event: 3837.113 GC heap before
{Heap before GC invocations=320 (full 70):
 garbage-first heap   total 207872K, used 149511K [0x0000000700000000, 0x0000000700100658, 0x00000007c0000000)
  region size 1024K, 60 young (61440K), 1 survivors (1024K)
 Metaspace       used 84000K, capacity 88409K, committed 90876K, reserved 1128448K
  class space    used 11226K, capacity 12029K, committed 12540K, reserved 1048576K
}
Event: 3837.122 GC heap after
{Heap after GC invocations=321 (full 70):
 garbage-first heap   total 207872K, used 91842K [0x0000000700000000, 0x0000000700100658, 0x00000007c0000000)
  region size 1024K, 4 young (4096K), 4 survivors (4096K)
 Metaspace       used 84000K, capacity 88409K, committed 90876K, reserved 1128448K
  class space    used 11226K, capacity 12029K, committed 12540K, reserved 1048576K
}
Event: 3837.902 GC heap before
{Heap before GC invocations=321 (full 70):
 garbage-first heap   total 207872K, used 149186K [0x0000000700000000, 0x0000000700100658, 0x00000007c0000000)
  region size 1024K, 60 young (61440K), 4 survivors (4096K)
 Metaspace       used 84010K, capacity 88409K, committed 90876K, reserved 1128448K
  class space    used 11226K, capacity 12029K, committed 12540K, reserved 1048576K
}
Event: 3837.910 GC heap after
{Heap after GC invocations=322 (full 70):
 garbage-first heap   total 207872K, used 90096K [0x0000000700000000, 0x0000000700100658, 0x00000007c0000000)
  region size 1024K, 2 young (2048K), 2 survivors (2048K)
 Metaspace       used 84010K, capacity 88409K, committed 90876K, reserved 1128448K
  class space    used 11226K, capacity 12029K, committed 12540K, reserved 1048576K
}
Event: 3841.600 GC heap before
{Heap before GC invocations=322 (full 70):
 garbage-first heap   total 207872K, used 151536K [0x0000000700000000, 0x0000000700100658, 0x00000007c0000000)
  region size 1024K, 60 young (61440K), 2 survivors (2048K)
 Metaspace       used 84016K, capacity 88409K, committed 90876K, reserved 1128448K
  class space    used 11226K, capacity 12029K, committed 12540K, reserved 1048576K
}
Event: 3841.606 GC heap after
{Heap after GC invocations=323 (full 70):
 garbage-first heap   total 207872K, used 90502K [0x0000000700000000, 0x0000000700100658, 0x00000007c0000000)
  region size 1024K, 2 young (2048K), 2 survivors (2048K)
 Metaspace       used 84016K, capacity 88409K, committed 90876K, reserved 1128448K
  class space    used 11226K, capacity 12029K, committed 12540K, reserved 1048576K
}

Deoptimization events (10 events):
Event: 3836.850 Thread 0x000001f9cd1be000 Uncommon trap: reason=unstable_if action=reinterpret pc=0x000001f9bfcd86a0 method=javax.swing.text.CompositeView.modelToView(ILjava/awt/Shape;Ljavax/swing/text/Position$Bias;)Ljava/awt/Shape; @ 4 c2
Event: 3837.638 Thread 0x000001f9cd1be000 Uncommon trap: reason=bimorphic_or_optimized_type_check action=maybe_recompile pc=0x000001f9c01d5598 method=sun.swing.plaf.synth.DefaultSynthStyle.getColor(Ljavax/swing/JComponent;Ljavax/swing/plaf/synth/Region;ILjavax/swing/plaf/synth/ColorType;)Ljava/aw
Event: 3837.638 Thread 0x000001f9cd1be000 Uncommon trap: reason=class_check action=maybe_recompile pc=0x000001f9bfb32170 method=sun.swing.plaf.synth.DefaultSynthStyle.getColor(Ljavax/swing/JComponent;Ljavax/swing/plaf/synth/Region;ILjavax/swing/plaf/synth/ColorType;)Ljava/awt/Color; @ 96 c2
Event: 3837.740 Thread 0x000001f9cd1be000 Uncommon trap: reason=class_check action=maybe_recompile pc=0x000001f9bf5fab08 method=java.awt.KeyboardFocusManager.clearMostRecentFocusOwner(Ljava/awt/Component;)V @ 67 c2
Event: 3837.741 Thread 0x000001f9cd1be000 Uncommon trap: reason=unstable_if action=reinterpret pc=0x000001f9bfbe32ac method=javax.swing.JComponent.registerWithKeyboardManager(Z)V @ 159 c2
Event: 3837.741 Thread 0x000001f9cd1be000 Uncommon trap: reason=class_check action=maybe_recompile pc=0x000001f9c02f258c method=java.awt.dnd.DropTarget.removeNotify()V @ 12 c2
Event: 3837.741 Thread 0x000001f9cd1be000 Uncommon trap: reason=class_check action=maybe_recompile pc=0x000001f9c02f258c method=java.awt.dnd.DropTarget.removeNotify()V @ 12 c2
Event: 3837.741 Thread 0x000001f9cd1be000 Uncommon trap: reason=class_check action=maybe_recompile pc=0x000001f9c02f258c method=java.awt.dnd.DropTarget.removeNotify()V @ 12 c2
Event: 3837.806 Thread 0x000001f9cd1be000 Uncommon trap: reason=unstable_if action=reinterpret pc=0x000001f9c0440324 method=java.awt.Component.dispatchEventImpl(Ljava/awt/AWTEvent;)V @ 302 c2
Event: 3837.807 Thread 0x000001f9cd1be000 Uncommon trap: reason=null_check action=make_not_entrant pc=0x000001f9bf754880 method=java.awt.Component.getNativeContainer()Ljava/awt/Container; @ 13 c2

Classes redefined (0 events):
No events

Internal exceptions (10 events):
Event: 3188.279 Thread 0x000001f9cd1be000 Exception <a 'java/lang/NoSuchMethodError'{0x000000070beed6e0}: java.lang.invoke.DelegatingMethodHandle$Holder.reinvoke_L(Ljava/lang/Object;IILjava/lang/Object;ILjava/lang/Object;I)Ljava/lang/Object;> (0x000000070beed6e0) thrown at [t:/workspace/hotspot/s
Event: 3607.576 Thread 0x000001f9a7efb000 Exception <a 'ui/frmwork/CommandFailedException'{0x000000070ca00560}> (0x000000070ca00560) thrown at [t:/workspace/hotspot/src/share/vm/prims/jni.cpp, line 604]
Event: 3611.393 Thread 0x000001f9cd1be000 Implicit null exception at 0x000001f9bf17014c to 0x000001f9bf170a65
Event: 3611.415 Thread 0x000001f9cd1be000 Implicit null exception at 0x000001f9bfa185b6 to 0x000001f9bfa1c421
Event: 3611.415 Thread 0x000001f9cd1be000 Implicit null exception at 0x000001f9bf9fe11a to 0x000001f9bfa02809
Event: 3612.568 Thread 0x000001f9cd1be000 Implicit null exception at 0x000001f9c03de0b0 to 0x000001f9c03e12cd
Event: 3661.079 Thread 0x000001f9cd1be000 Implicit null exception at 0x000001f9bf197f77 to 0x000001f9bf198358
Event: 3836.070 Thread 0x000001f9cd1be000 Implicit null exception at 0x000001f9bf9a3389 to 0x000001f9bf9a3447
Event: 3837.806 Thread 0x000001f9cd1be000 Implicit null exception at 0x000001f9c043cb94 to 0x000001f9c0440305
Event: 3837.807 Thread 0x000001f9cd1be000 Implicit null exception at 0x000001f9bf75480c to 0x000001f9bf754870

Events (10 events):
Event: 3840.653 Executing VM operation: RevokeBias
Event: 3840.654 Executing VM operation: RevokeBias done
Event: 3840.654 Executing VM operation: RevokeBias
Event: 3840.655 Executing VM operation: RevokeBias done
Event: 3841.231 Thread 0x000001f9a7efd800 Thread added: 0x000001f9a7efd800
Event: 3841.235 Thread 0x000001f9a7efd800 Thread exited: 0x000001f9a7efd800
Event: 3841.600 Executing VM operation: G1IncCollectionPause
Event: 3841.606 Executing VM operation: G1IncCollectionPause done
Event: 3841.651 Executing VM operation: BulkRevokeBias
Event: 3841.651 Executing VM operation: BulkRevokeBias done


Dynamic libraries:
0x00007ff7d3240000 - 0x00007ff7d3270000 	C:\Xilinx\Vivado\2019.2\bin\unwrapped\win64.o\vivado.exe
0x00007fff5d480000 - 0x00007fff5d670000 	C:\Windows\SYSTEM32\ntdll.dll
0x00007fff5c6e0000 - 0x00007fff5c792000 	C:\Windows\System32\KERNEL32.DLL
0x00007fff5b050000 - 0x00007fff5b2f2000 	C:\Windows\System32\KERNELBASE.dll
0x00007fff5a550000 - 0x00007fff5a64a000 	C:\Windows\System32\ucrtbase.dll
0x00007fff2bf40000 - 0x00007fff2bfd9000 	C:\Windows\SYSTEM32\MSVCP140.dll
0x00007fff2bfe0000 - 0x00007fff2bff7000 	C:\Windows\SYSTEM32\VCRUNTIME140.dll
0x00007fff471d0000 - 0x00007fff471e6000 	C:\Xilinx\Vivado\2019.2\lib\win64.o\librdi_commonmain.dll
0x00007fff471b0000 - 0x00007fff471c4000 	C:\Xilinx\Vivado\2019.2\lib\win64.o\libboost_signals.dll
0x00007fff471a0000 - 0x00007fff471aa000 	C:\Xilinx\Vivado\2019.2\lib\win64.o\librdi_commonversion.dll
0x00007fff43770000 - 0x00007fff446b3000 	C:\Xilinx\Vivado\2019.2\lib\win64.o\librdi_common.dll
0x00007fff47170000 - 0x00007fff47196000 	C:\Xilinx\Vivado\2019.2\lib\win64.o\libboost_filesystem.dll
0x00007fff5d100000 - 0x00007fff5d1a3000 	C:\Windows\System32\ADVAPI32.dll
0x00007fff5ba70000 - 0x00007fff5bb0e000 	C:\Windows\System32\msvcrt.dll
0x00007fff5d040000 - 0x00007fff5d0d7000 	C:\Windows\System32\sechost.dll
0x00007fff5c5c0000 - 0x00007fff5c6e0000 	C:\Windows\System32\RPCRT4.dll
0x00007fff5c7c0000 - 0x00007fff5c953000 	C:\Windows\System32\USER32.dll
0x00007fff5af70000 - 0x00007fff5af91000 	C:\Windows\System32\win32u.dll
0x00007fff5cab0000 - 0x00007fff5cad6000 	C:\Windows\System32\GDI32.dll
0x00007fff5add0000 - 0x00007fff5af64000 	C:\Windows\System32\gdi32full.dll
0x00007fff5b300000 - 0x00007fff5b39e000 	C:\Windows\System32\msvcp_win.dll
0x00007fff5bc70000 - 0x00007fff5c350000 	C:\Windows\System32\SHELL32.dll
0x00007fff5a500000 - 0x00007fff5a54a000 	C:\Windows\System32\cfgmgr32.dll
0x00007fff5b9c0000 - 0x00007fff5ba69000 	C:\Windows\System32\shcore.dll
0x00007fff5cae0000 - 0x00007fff5ce16000 	C:\Windows\System32\combase.dll
0x00007fff5a470000 - 0x00007fff5a4f1000 	C:\Windows\System32\bcryptPrimitives.dll
0x00007fff5a650000 - 0x00007fff5adcb000 	C:\Windows\System32\windows.storage.dll
0x00007fff46f40000 - 0x00007fff470e1000 	C:\Xilinx\Vivado\2019.2\lib\win64.o\librdi_commonxillic.dll
0x00007fff5a3f0000 - 0x00007fff5a40f000 	C:\Windows\System32\profapi.dll
0x00007fff5a3a0000 - 0x00007fff5a3ea000 	C:\Windows\System32\powrprof.dll
0x00007fff5a350000 - 0x00007fff5a360000 	C:\Windows\System32\UMPDC.dll
0x00007fff5bb40000 - 0x00007fff5bb92000 	C:\Windows\System32\shlwapi.dll
0x00007fff5a380000 - 0x00007fff5a391000 	C:\Windows\System32\kernel.appcore.dll
0x00007fff5b520000 - 0x00007fff5b537000 	C:\Windows\System32\cryptsp.dll
0x0000000050ff0000 - 0x000000005111b000 	C:\Xilinx\Vivado\2019.2\lib\win64.o\tcl85t.dll
0x00007fff5b3a0000 - 0x00007fff5b3c6000 	C:\Windows\System32\bcrypt.dll
0x00007fff5ce20000 - 0x00007fff5ce8f000 	C:\Windows\System32\WS2_32.dll
0x00007fff47140000 - 0x00007fff47154000 	C:\Xilinx\Vivado\2019.2\lib\win64.o\libboost_date_time.dll
0x00007fff47160000 - 0x00007fff4716b000 	C:\Xilinx\Vivado\2019.2\lib\win64.o\libboost_system.dll
0x00007fff46a90000 - 0x00007fff46dfe000 	C:\Xilinx\Vivado\2019.2\lib\win64.o\libCOIN-all.dll
0x00007fff46970000 - 0x00007fff46a84000 	C:\Xilinx\Vivado\2019.2\lib\win64.o\libboost_regex.dll
0x00007fff46ec0000 - 0x00007fff46f3f000 	C:\Xilinx\Vivado\2019.2\lib\win64.o\libboost_program_options.dll
0x00007fff46e90000 - 0x00007fff46eb1000 	C:\Xilinx\Vivado\2019.2\lib\win64.o\libboost_thread.dll
0x00007fff47130000 - 0x00007fff4713f000 	C:\Xilinx\Vivado\2019.2\lib\win64.o\libboost_xilinx.dll
0x00007fff46870000 - 0x00007fff468f2000 	C:\Xilinx\Vivado\2019.2\lib\win64.o\libhdlpsolve.dll
0x00007fff467c0000 - 0x00007fff46865000 	C:\Xilinx\Vivado\2019.2\lib\win64.o\libhdxml.dll
0x00007fff44b30000 - 0x00007fff4572c200 	C:\Xilinx\Vivado\2019.2\lib\win64.o\libisl_iostreams.dll
0x00007fff46940000 - 0x00007fff4696e000 	C:\Xilinx\Vivado\2019.2\lib\win64.o\libisl_sysinfo.dll
0x00007fff467a0000 - 0x00007fff467ba000 	C:\Xilinx\Vivado\2019.2\lib\win64.o\pthreadVC2.dll
0x00007fff46770000 - 0x00007fff46791000 	C:\Xilinx\Vivado\2019.2\lib\win64.o\librdizlib.dll
0x00007fff46750000 - 0x00007fff4676c000 	C:\Xilinx\Vivado\2019.2\lib\win64.o\librdiconfig.dll
0x00007fff466e0000 - 0x00007fff46745000 	C:\Xilinx\Vivado\2019.2\lib\win64.o\liblmx6.0.dll
0x00007fff51160000 - 0x00007fff51177000 	C:\Windows\SYSTEM32\NETAPI32.dll
0x00007fff45ed0000 - 0x00007fff463a6000 	C:\Windows\SYSTEM32\WININET.dll
0x00007fff4c980000 - 0x00007fff4cb54000 	C:\Windows\SYSTEM32\urlmon.dll
0x00007fff56010000 - 0x00007fff560ff000 	C:\Windows\SYSTEM32\WINHTTP.dll
0x00007fff38ff0000 - 0x00007fff38ff9000 	C:\Windows\SYSTEM32\WSOCK32.dll
0x0000000012000000 - 0x0000000012270000 	C:\Xilinx\Vivado\2019.2\lib\win64.o\xerces-c_3_1.dll
0x00007fff466b0000 - 0x00007fff466d8000 	C:\Windows\SYSTEM32\VCOMP140.DLL
0x00007fff463d0000 - 0x00007fff466ab000 	C:\Xilinx\Vivado\2019.2\lib\win64.o\libXil_lmgr11.dll
0x00007fff5c960000 - 0x00007fff5ca2f000 	C:\Windows\System32\COMDLG32.dll
0x00007fff5c350000 - 0x00007fff5c414000 	C:\Windows\System32\OLEAUT32.dll
0x00007fff5d260000 - 0x00007fff5d3b6000 	C:\Windows\System32\ole32.dll
0x00007fff5a410000 - 0x00007fff5a46c000 	C:\Windows\System32\WINTRUST.dll
0x00007fff5a360000 - 0x00007fff5a372000 	C:\Windows\System32\MSASN1.dll
0x00007fff5b3d0000 - 0x00007fff5b519000 	C:\Windows\System32\CRYPT32.dll
0x00007fff47120000 - 0x00007fff4712d000 	C:\Xilinx\Vivado\2019.2\lib\win64.o\libboost_chrono.dll
0x00007fff463b0000 - 0x00007fff463cb000 	C:\Xilinx\Vivado\2019.2\lib\win64.o\libboost_iostreams.dll
0x00007fff4e680000 - 0x00007fff4e926000 	C:\Windows\SYSTEM32\iertutil.dll
0x00007fff45ea0000 - 0x00007fff45ec5000 	C:\Xilinx\Vivado\2019.2\lib\win64.o\libisl_iosutils.dll
0x00007fff24e70000 - 0x00007fff24f19000 	C:\Windows\WinSxS\amd64_microsoft.windows.common-controls_6595b64144ccf1df_5.82.18362.53_none_e68862b4b27c9a11\COMCTL32.dll
0x00007fff54d10000 - 0x00007fff54d2c000 	C:\Windows\SYSTEM32\dhcpcsvc.DLL
0x00007fff5b540000 - 0x00007fff5b548000 	C:\Windows\System32\NSI.dll
0x00007fff59d30000 - 0x00007fff59d3c000 	C:\Windows\SYSTEM32\CRYPTBASE.DLL
0x00007fff428d0000 - 0x00007fff43761000 	C:\Xilinx\Vivado\2019.2\lib\win64.o\gurobi65.dll
0x00007fff599d0000 - 0x00007fff599dc000 	C:\Windows\SYSTEM32\NETUTILS.DLL
0x00007fff5bb10000 - 0x00007fff5bb3e000 	C:\Windows\System32\IMM32.DLL
0x00007fff45980000 - 0x00007fff45e97000 	C:\Xilinx\Vivado\2019.2\lib\win64.o\librdi_commontasks.dll
0x00007fff528e0000 - 0x00007fff528ea000 	C:\Windows\SYSTEM32\VERSION.dll
0x00007fff44840000 - 0x00007fff44b23000 	C:\Xilinx\Vivado\2019.2\lib\win64.o\librdi_sio.dll
0x00007fff598c0000 - 0x00007fff598fa000 	C:\Windows\SYSTEM32\IPHLPAPI.DLL
0x00000000505c0000 - 0x0000000050fe5000 	C:\Xilinx\Vivado\2019.2\tps\win64\jre9.0.4\bin\server\jvm.dll
0x00007fff5c7a0000 - 0x00007fff5c7a8000 	C:\Windows\System32\PSAPI.DLL
0x00007fff57060000 - 0x00007fff57084000 	C:\Windows\SYSTEM32\WINMM.dll
0x00007fff57030000 - 0x00007fff5705d000 	C:\Windows\SYSTEM32\WINMMBASE.dll
0x00007fff45890000 - 0x00007fff4597f000 	C:\Windows\SYSTEM32\MSVCR120.dll
0x00007fff59b60000 - 0x00007fff59bc7000 	C:\Windows\SYSTEM32\MSWSOCK.DLL
0x00007fff40180000 - 0x00007fff428c5000 	C:\Xilinx\Vivado\2019.2\lib\win64.o\librdi_tcltasks.dll
0x00007fff3ffe0000 - 0x00007fff4017d000 	C:\Xilinx\Vivado\2019.2\lib\win64.o\librdi_board.dll
0x00007fff45810000 - 0x00007fff4588b000 	C:\Xilinx\Vivado\2019.2\lib\win64.o\librdi_boarddep.dll
0x00007fff3fb20000 - 0x00007fff3ffd4000 	C:\Xilinx\Vivado\2019.2\lib\win64.o\librdi_bitstream.dll
0x00007fff3f9c0000 - 0x00007fff3fb12000 	C:\Xilinx\Vivado\2019.2\lib\win64.o\librdi_cd_client.dll
0x00007fff3f8d0000 - 0x00007fff3f9bf000 	C:\Xilinx\Vivado\2019.2\lib\win64.o\librdi_chipscope.dll
0x00007fff3f710000 - 0x00007fff3f8d0000 	C:\Xilinx\Vivado\2019.2\lib\win64.o\librdi_chipscopeimpl.dll
0x00007fff3dc30000 - 0x00007fff3f70a000 	C:\Xilinx\Vivado\2019.2\lib\win64.o\librdi_constraints.dll
0x00007fff3d900000 - 0x00007fff3dc24000 	C:\Xilinx\Vivado\2019.2\lib\win64.o\librdi_containers.dll
0x00007fff3cbb0000 - 0x00007fff3d289000 	C:\Xilinx\Vivado\2019.2\lib\win64.o\librdi_coregenipxact.dll
0x00007fff3abc0000 - 0x00007fff3cbb0000 	C:\Xilinx\Vivado\2019.2\lib\win64.o\librdi_coregen.dll
0x00007fff3d5b0000 - 0x00007fff3d8fa000 	C:\Xilinx\Vivado\2019.2\lib\win64.o\librdi_dlyest.dll
0x00007fff08650000 - 0x00007fff0c91b000 	C:\Xilinx\Vivado\2019.2\lib\win64.o\librdi_designutils.dll
0x00007fff3a5f0000 - 0x00007fff3abbd000 	C:\Xilinx\Vivado\2019.2\lib\win64.o\librdi_drc.dll
0x00007fff3d4e0000 - 0x00007fff3d5a4000 	C:\Xilinx\Vivado\2019.2\lib\win64.o\librdi_dsp.dll
0x00007ffef3aa0000 - 0x00007fff0864b000 	C:\Xilinx\Vivado\2019.2\lib\win64.o\librdi_device.dll
0x00007ffef3120000 - 0x00007ffef3430000 	C:\Xilinx\Vivado\2019.2\lib\win64.o\librdi_guitools.dll
0x00007ffef3430000 - 0x00007ffef3a9b000 	C:\Xilinx\Vivado\2019.2\lib\win64.o\librdi_filemgmt.dll
0x00007fff45740000 - 0x00007fff457aa000 	C:\Xilinx\Vivado\2019.2\lib\win64.o\librdi_hdf.dll
0x00007fff3a3d0000 - 0x00007fff3a5f0000 	C:\Xilinx\Vivado\2019.2\lib\win64.o\librdi_hip_devdesign.dll
0x00007fff37f30000 - 0x00007fff38078000 	C:\Xilinx\Vivado\2019.2\lib\win64.o\librdi_hip_perf_analysis.dll
0x00007ffef19b0000 - 0x00007ffef311d000 	C:\Xilinx\Vivado\2019.2\lib\win64.o\librdi_implflow.dll
0x00007fff37eb0000 - 0x00007fff37f24000 	C:\Xilinx\Vivado\2019.2\lib\win64.o\librdi_memoryarray.dll
0x00007ffeedeb0000 - 0x00007ffeee593000 	C:\Xilinx\Vivado\2019.2\lib\win64.o\librdi_netlist.dll
0x00007ffef1370000 - 0x00007ffef19a1000 	C:\Xilinx\Vivado\2019.2\lib\win64.o\librdi_memdata.dll
0x00007fff3d490000 - 0x00007fff3d4dc000 	C:\Xilinx\Vivado\2019.2\lib\win64.o\librdi_pfi.dll
0x00007ffeee5a0000 - 0x00007ffef136b000 	C:\Xilinx\Vivado\2019.2\lib\win64.o\librdi_mig.dll
0x00007ffeeb2c0000 - 0x00007ffeeb5db000 	C:\Xilinx\Vivado\2019.2\lib\win64.o\librdi_platform.dll
0x00007ffeeb5e0000 - 0x00007ffeedea7000 	C:\Xilinx\Vivado\2019.2\lib\win64.o\librdi_place.dll
0x00007ffeeaab0000 - 0x00007ffeeb2bb000 	C:\Xilinx\Vivado\2019.2\lib\win64.o\librdi_power.dll
0x00007ffeea4f0000 - 0x00007ffeeaaaa000 	C:\Xilinx\Vivado\2019.2\lib\win64.o\librdi_project.dll
0x00007ffee9db0000 - 0x00007ffeea4e3000 	C:\Xilinx\Vivado\2019.2\lib\win64.o\librdi_psta.dll
0x00007ffee9980000 - 0x00007ffee9da3000 	C:\Xilinx\Vivado\2019.2\lib\win64.o\librdi_runs.dll
0x00007ffee91a0000 - 0x00007ffee92a8000 	C:\Xilinx\Vivado\2019.2\lib\win64.o\librdi_runsbase.dll
0x00007ffee92b0000 - 0x00007ffee9971000 	C:\Xilinx\Vivado\2019.2\lib\win64.o\librdi_rsb.dll
0x00007ffee8f20000 - 0x00007ffee9195000 	C:\Xilinx\Vivado\2019.2\lib\win64.o\librdi_simdata.dll
0x00007ffee8090000 - 0x00007ffee8f1d000 	C:\Xilinx\Vivado\2019.2\lib\win64.o\librdi_timing.dll
0x00007ffee7ef0000 - 0x00007ffee8090000 	C:\Xilinx\Vivado\2019.2\lib\win64.o\librdi_cd_protocol.dll
0x00007ffee7d40000 - 0x00007ffee7ee1000 	C:\Xilinx\Vivado\2019.2\lib\win64.o\librdi_advchipscopeimpl.dll
0x00007ffee7cf0000 - 0x00007ffee7d3c000 	C:\Xilinx\Vivado\2019.2\lib\win64.o\libboost_serialization.dll
0x00007ffee7c10000 - 0x00007ffee7ce7000 	C:\Xilinx\Vivado\2019.2\lib\win64.o\librdi_ipconfig_readwrite.dll

VM Arguments:
jvm_args: -Dsun.java2d.pmoffscreen=false -Dsun.java2d.xrender=false -Dsun.java2d.d3d=false -Dsun.awt.nopixfmt=true -Dsun.java2d.dpiaware=true -Dsun.java2d.uiScale.enabled=false -Xverify:none -Dswing.aatext=true -XX:-UsePerfData -Djdk.map.althashing.threshold=512 -XX:StringTableSize=4072 --add-opens=java.base/java.nio=ALL-UNNAMED --add-opens=java.desktop/sun.swing=ALL-UNNAMED --add-opens=java.desktop/javax.swing=ALL-UNNAMED --add-opens=java.desktop/javax.swing.tree=ALL-UNNAMED --add-opens=java.desktop/javax.swing.plaf.basic=ALL-UNNAMED --add-opens=java.desktop/javax.swing.plaf.synth=ALL-UNNAMED --add-opens=java.desktop/com.sun.awt=ALL-UNNAMED -XX:NewSize=60m -XX:MaxNewSize=60m -Xms128m -Xmx3072m -Xss5m 
java_command: <unknown>
java_class_path (initial): C:/Xilinx/Vivado/2019.2\lib\classes\alloy.jar;C:/Xilinx/Vivado/2019.2\lib\classes\autoesl-common.jar;C:/Xilinx/Vivado/2019.2\lib\classes\autoesl-models.jar;C:/Xilinx/Vivado/2019.2\lib\classes\autoesl-report.jar;C:/Xilinx/Vivado/2019.2\lib\classes\autopilot.scelaborator.jar;C:/Xilinx/Vivado/2019.2\lib\classes\autopilot.sourceprocessor.jar;C:/Xilinx/Vivado/2019.2\lib\classes\autopilot.tbprocessor.jar;C:/Xilinx/Vivado/2019.2\lib\classes\batik-anim.jar;C:/Xilinx/Vivado/2019.2\lib\classes\batik-awt-util.jar;C:/Xilinx/Vivado/2019.2\lib\classes\batik-bridge.jar;C:/Xilinx/Vivado/2019.2\lib\classes\batik-codec.jar;C:/Xilinx/Vivado/2019.2\lib\classes\batik-css.jar;C:/Xilinx/Vivado/2019.2\lib\classes\batik-dom.jar;C:/Xilinx/Vivado/2019.2\lib\classes\batik-ext.jar;C:/Xilinx/Vivado/2019.2\lib\classes\batik-gui-util.jar;C:/Xilinx/Vivado/2019.2\lib\classes\batik-gvt.jar;C:/Xilinx/Vivado/2019.2\lib\classes\batik-parser.jar;C:/Xilinx/Vivado/2019.2\lib\classes\batik-script.jar;C:/Xilinx/Vivado/2019.2\lib\classes\batik-svg-dom.jar;C:/Xilinx/Vivado/2019.2\lib\classes\batik-swing.jar;C:/Xilinx/Vivado/2019.2\lib\classes\batik-transcoder.jar;C:/Xilinx/Vivado/2019.2\lib\classes\batik-util.jar;C:/Xilinx/Vivado/2019.2\lib\classes\batik-xml.jar;C:/Xilinx/Vivado/2019.2\lib\classes\com.google.gson_2.7.0.v20170129-0911.jar;C:/Xilinx/Vivado/2019.2\lib\classes\com.google.guava_21.0.0.v20170206-1425.jar;C:/Xilinx/Vivado/2019.2\lib\classes\com.ibm.icu_4.4.2.v20110208.jar;C:/Xilinx/Vivado/2019.2\lib\classes\com.sigasi.hdt.connection_4.5.0.201909241521.jar;C:/Xilinx/Vivado/2019.2\lib\classes\com.sigasi.hdt.epl_4.5.0.201909241521.jar;C:/Xilinx/Vivado/2019.2\lib\classes\com.sigasi.hdt.project_4.5.0.201909241521.jar;C:/Xilinx/Vivado/2019.2\lib\classes\com.sigasi.hdt.readonlyfilesystem_4.5.0.201909241521.jar;C:/Xilinx/Vivado/2019.2\lib\classes\com.sigasi.lcm_4.5.0.201909241521.jar;C:/Xilinx/Vivado/2019.2\lib\classes\com.sigasi.sdk.client_4.5.0.201909241521.jar;C:/Xilinx/Vivado
Launcher Type: generic

Logging:
Log output configuration:
#0: stdout all=warning uptime,level,tags
#1: stderr all=off uptime,level,tags

Environment Variables:
PATH=C:/Xilinx/Vivado/2019.2/bin;C:/Xilinx/Vivado/2019.2/lib/win64.o;C:/Xilinx/Vivado/2019.2/tps/win64/jre9.0.4/bin/server;C:/Xilinx/Vivado/2019.2/tps/win64/jre9.0.4/bin;C:/Xilinx/Vivado/2019.2/ids_lite/ISE/bin/nt64;C:/Xilinx/Vivado/2019.2/ids_lite/ISE/lib/nt64;C:\Python38\Scripts\;C:\Python38\;C:\Windows\system32;C:\Windows;C:\Windows\System32\Wbem;C:\Windows\System32\WindowsPowerShell\v1.0\;C:\Windows\System32\OpenSSH\;C:\ProgramData\chocolatey\bin;C:\Program Files\MATLAB\R2019a\bin;C:\Program Files\Git\cmd;C:\Users\DeadSec.DESKTOP-AF1HLPJ\AppData\Local\Programs\Python\Python38-32\Scripts\;C:\Users\DeadSec.DESKTOP-AF1HLPJ\AppData\Local\Programs\Python\Python38-32\;C:\Users\DeadSec.DESKTOP-AF1HLPJ\AppData\Local\Microsoft\WindowsApps;C:\Users\DeadSec.DESKTOP-AF1HLPJ\AppData\Local\GitHubDesktop\bin;C:\Users\DeadSec.DESKTOP-AF1HLPJ\AppData\Local\atom\bin;C:/Xilinx/Vivado/2019.2\tps\mingw\6.2.0\win64.o\nt\bin;C:/Xilinx/Vivado/2019.2\tps\mingw\6.2.0\win64.o\nt\libexec\gcc\x86_64-w64-mingw32\6.2.0;C:/Xilinx/Vivado/2019.2\tps\win64\python-2.7.5;C:/Xilinx/Vivado/2019.2\tps\win64\python-2.7.5\bin;C:/Xilinx/Vivado/2019.2\tps\win64\python-2.7.5\lib;C:/Xilinx/Vivado/2019.2\tps\win64\python-2.7.5\Lib\lib-tk;C:/Xilinx/Vivado/2019.2\tps\win64\python-2.7.5\lib\site-packages
USERNAME=DeadSec
OS=Windows_NT
PROCESSOR_IDENTIFIER=Intel64 Family 6 Model 60 Stepping 3, GenuineIntel



---------------  S Y S T E M  ---------------

OS: Windows 10 , 64 bit Build 18362 (10.0.18362.53)

CPU:total 4 (initial active 4) (2 cores per cpu, 2 threads per core) family 6 model 60 stepping 3, cmov, cx8, fxsr, mmx, sse, sse2, sse3, ssse3, sse4.1, sse4.2, popcnt, avx, avx2, aes, clmul, erms, lzcnt, ht, tsc, tscinvbit, bmi1, bmi2, fma

Memory: 4k page, physical 7301656k(2775744k free), swap 8481304k(3802656k free)

vm_info: Java HotSpot(TM) 64-Bit Server VM (9.0.4+11) for windows-amd64 JRE (9.0.4+11), built on Dec 20 2017 02:18:54 by "mach5one" with MS VC++ 12.0 (VS2013)

END.
