Vivado Simulator 2019.2
Time resolution is 1 ps
Value           0:-->xxx
Value           1:-->000
Value           2:-->000
Value           3:-->001
Value           4:-->001
Value           5:-->002
Value           6:-->003
Value           7:-->003
Value           8:-->004
Value           9:-->005
Value          10:-->005
Value          11:-->006
Value          12:-->007
Value          13:-->007
Value          14:-->008
Value          15:-->008
Value          16:-->009
Value          17:-->00a
Value          18:-->00a
Value          19:-->00b
Value          20:-->00c
Value          21:-->00c
Value          22:-->00d
Value          23:-->00e
Value          24:-->00e
Value          25:-->00f
Value          26:-->010
Value          27:-->010
Value          28:-->011
Value          29:-->011
Value          30:-->012
Value          31:-->013
Value          32:-->013
Value          33:-->014
Value          34:-->015
Value          35:-->015
Value          36:-->016
Value          37:-->017
Value          38:-->017
Value          39:-->018
Value          40:-->018
Value          41:-->019
Value          42:-->01a
Value          43:-->01a
Value          44:-->01b
Value          45:-->01c
Value          46:-->01c
Value          47:-->01d
Value          48:-->01e
Value          49:-->01e
Value          50:-->01f
Value          51:-->01f
Value          52:-->020
Value          53:-->021
Value          54:-->021
Value          55:-->022
Value          56:-->023
Value          57:-->023
Value          58:-->024
Value          59:-->024
Value          60:-->025
Value          61:-->026
Value          62:-->026
Value          63:-->027
Value          64:-->028
Value          65:-->028
Value          66:-->029
Value          67:-->029
Value          68:-->02a
Value          69:-->02b
Value          70:-->02b
Value          71:-->02c
Value          72:-->02d
Value          73:-->02d
Value          74:-->02e
Value          75:-->02e
Value          76:-->02f
Value          77:-->030
Value          78:-->030
Value          79:-->031
Value          80:-->032
Value          81:-->032
Value          82:-->033
Value          83:-->033
Value          84:-->034
Value          85:-->035
Value          86:-->035
Value          87:-->036
Value          88:-->037
Value          89:-->037
Value          90:-->038
Value          91:-->038
Value          92:-->039
Value          93:-->03a
Value          94:-->03a
Value          95:-->03b
Value          96:-->03b
Value          97:-->03c
Value          98:-->03d
Value          99:-->03d
